Arguments: 
  /usr/local/bin/node /usr/local/bin/yarn add --dev reactotron-react-native

PATH: 
  /Users/xav/bin:/usr/local/bin:/Users/xav/.composer/vendor/bin:/Applications/MAMP/Library/bin/:/Users/xav/.local/lib/python2.7/site-packages/:/usr/local/bin:/usr/bin:/bin:/usr/sbin:/sbin:/Users/xav/bin:/usr/local/bin:/Users/xav/.composer/vendor/bin:/Applications/MAMP/Library/bin/:/Users/xav/.local/lib/python2.7/site-packages/:/usr/local/bin:/usr/bin:/bin:/usr/sbin:/sbin:/Users/xav/Library/Android/sdk/tools:/Users/xav/bin:/usr/local/bin:/Users/xav/.composer/vendor/bin:/Applications/MAMP/Library/bin/:/Users/xav/.local/lib/python2.7/site-packages/:/usr/local/bin:/usr/bin:/bin:/usr/sbin:/sbin:/Users/xav/Library/Android/sdk/platform-tools

Yarn version: 
  1.3.2

Node version: 
  8.11.4

Platform: 
  darwin x64

npm manifest: 
  {
    "name": "my-new-project",
    "main": "node_modules/expo/AppEntry.js",
    "private": true,
    "scripts": {
      "start": "expo start",
      "android": "expo start --android",
      "ios": "expo start --ios",
      "eject": "expo eject",
      "test": "node ./node_modules/jest/bin/jest.js --watchAll"
    },
    "jest": {
      "preset": "jest-expo"
    },
    "dependencies": {
      "@expo/samples": "2.1.1",
      "expo": "^30.0.1",
      "react": "16.3.1",
      "react-native": "https://github.com/expo/react-native/archive/sdk-30.0.0.tar.gz",
      "react-navigation": "^2.9.3"
    },
    "devDependencies": {
      "jest-expo": "30.0.0"
    }
  }

yarn manifest: 
  No manifest

Lockfile: 
  No lockfile

Trace: 
  Error: https://registry.yarnpkg.com/lottie-react-native/-/lottie-react-native-2.5.0.tgz: ESOCKETTIMEDOUT
      at ClientRequest.<anonymous> (/usr/local/lib/node_modules/yarn/lib/cli.js:123716:19)
      at Object.onceWrapper (events.js:313:30)
      at emitNone (events.js:106:13)
      at ClientRequest.emit (events.js:208:7)
      at TLSSocket.emitTimeout (_http_client.js:706:34)
      at Object.onceWrapper (events.js:313:30)
      at emitNone (events.js:106:13)
      at TLSSocket.emit (events.js:208:7)
      at TLSSocket.Socket._onTimeout (net.js:410:8)
      at ontimeout (timers.js:498:11)
